GAS LISTING /tmp/ccUSPMlB.s 			page 1


   1              		.file	"print.cpp"
   2              		.option pic
   3              		.option norelax
   4              		.text
   5              	.Ltext0:
   6              		.align	2
   7              		.globl	_Z11printStringPKc
   9              	_Z11printStringPKc:
  10              	.LFB16:
  11              		.file 1 "src/print.cpp"
   1:src/print.cpp **** //
   2:src/print.cpp **** // Created by os on 6/23/22.
   3:src/print.cpp **** //
   4:src/print.cpp **** #include "../h/print.hpp"
   5:src/print.cpp **** #include "../h/Riscv.hpp"
   6:src/print.cpp **** #include "../lib/console.h"
   7:src/print.cpp **** 
   8:src/print.cpp **** void printString(char const *string)
   9:src/print.cpp **** {
  12              		.loc 1 9 1
  13              		.cfi_startproc
  14              	.LVL0:
  15 0000 130101FD 		addi	sp,sp,-48
  16              		.cfi_def_cfa_offset 48
  17 0004 23341102 		sd	ra,40(sp)
  18 0008 23308102 		sd	s0,32(sp)
  19 000c 233C9100 		sd	s1,24(sp)
  20 0010 23382101 		sd	s2,16(sp)
  21              		.cfi_offset 1, -8
  22              		.cfi_offset 8, -16
  23              		.cfi_offset 9, -24
  24              		.cfi_offset 18, -32
  25 0014 13040103 		addi	s0,sp,48
  26              		.cfi_def_cfa 8, 0
  27 0018 93040500 		mv	s1,a0
  10:src/print.cpp ****     uint64 sstatus = Riscv::r_sstatus();
  28              		.loc 1 10 5
  29              	.LBB14:
  30              	.LBB15:
  31              		.file 2 "src/../h/Riscv.hpp"
   1:src/../h/Riscv.hpp **** //
   2:src/../h/Riscv.hpp **** // Created by os on 6/22/22.
   3:src/../h/Riscv.hpp **** //
   4:src/../h/Riscv.hpp **** 
   5:src/../h/Riscv.hpp **** #ifndef OS_PROJECT_RISCV_HPP
   6:src/../h/Riscv.hpp **** #define OS_PROJECT_RISCV_HPP
   7:src/../h/Riscv.hpp **** 
   8:src/../h/Riscv.hpp **** #include "../lib/hw.h"
   9:src/../h/Riscv.hpp **** 
  10:src/../h/Riscv.hpp **** class Riscv
  11:src/../h/Riscv.hpp **** {
  12:src/../h/Riscv.hpp **** public:
  13:src/../h/Riscv.hpp ****     static void interruptRoutine();
  14:src/../h/Riscv.hpp ****     static void interruptHandler();
  15:src/../h/Riscv.hpp **** 
  16:src/../h/Riscv.hpp ****     // pop sstatus.spp and sstatus.spie bits (has to be a non inline function)
  17:src/../h/Riscv.hpp ****     static void popSppSpie();
GAS LISTING /tmp/ccUSPMlB.s 			page 2


  18:src/../h/Riscv.hpp **** 
  19:src/../h/Riscv.hpp ****     // push x3..x31 registers onto stack
  20:src/../h/Riscv.hpp ****     static void pushRegisters();
  21:src/../h/Riscv.hpp **** 
  22:src/../h/Riscv.hpp ****     // pop x3..x31 registers onto stack
  23:src/../h/Riscv.hpp ****     static void popRegisters();
  24:src/../h/Riscv.hpp **** 
  25:src/../h/Riscv.hpp ****     // read register scause
  26:src/../h/Riscv.hpp ****     static uint64 r_scause();
  27:src/../h/Riscv.hpp **** 
  28:src/../h/Riscv.hpp ****     // write register scause
  29:src/../h/Riscv.hpp ****     static void w_scause(uint64 scause);
  30:src/../h/Riscv.hpp **** 
  31:src/../h/Riscv.hpp ****     // read register sepc
  32:src/../h/Riscv.hpp ****     static uint64 r_sepc();
  33:src/../h/Riscv.hpp **** 
  34:src/../h/Riscv.hpp ****     // write register sepc
  35:src/../h/Riscv.hpp ****     static void w_sepc(uint64 sepc);
  36:src/../h/Riscv.hpp **** 
  37:src/../h/Riscv.hpp ****     // read register stvec
  38:src/../h/Riscv.hpp ****     static uint64 r_stvec();
  39:src/../h/Riscv.hpp **** 
  40:src/../h/Riscv.hpp ****     // write register stvec
  41:src/../h/Riscv.hpp ****     static void w_stvec(uint64 stvec);
  42:src/../h/Riscv.hpp **** 
  43:src/../h/Riscv.hpp ****     // read register stval
  44:src/../h/Riscv.hpp ****     static uint64 r_stval();
  45:src/../h/Riscv.hpp **** 
  46:src/../h/Riscv.hpp ****     // write register stval
  47:src/../h/Riscv.hpp ****     static void w_stval(uint64 stval);
  48:src/../h/Riscv.hpp **** 
  49:src/../h/Riscv.hpp ****     enum BitMaskSip
  50:src/../h/Riscv.hpp ****     {
  51:src/../h/Riscv.hpp ****         SIP_SSIP = (1 << 1),
  52:src/../h/Riscv.hpp ****         SIP_STIP = (1 << 5),
  53:src/../h/Riscv.hpp ****         SIP_SEIP = (1 << 9),
  54:src/../h/Riscv.hpp ****     };
  55:src/../h/Riscv.hpp **** 
  56:src/../h/Riscv.hpp ****     // mask set register sip
  57:src/../h/Riscv.hpp ****     static void ms_sip(uint64 mask);
  58:src/../h/Riscv.hpp **** 
  59:src/../h/Riscv.hpp ****     // mask clear register sip
  60:src/../h/Riscv.hpp ****     static void mc_sip(uint64 mask);
  61:src/../h/Riscv.hpp **** 
  62:src/../h/Riscv.hpp ****     // read register sip
  63:src/../h/Riscv.hpp ****     static uint64 r_sip();
  64:src/../h/Riscv.hpp **** 
  65:src/../h/Riscv.hpp ****     // write register sip
  66:src/../h/Riscv.hpp ****     static void w_sip(uint64 sip);
  67:src/../h/Riscv.hpp **** 
  68:src/../h/Riscv.hpp ****     enum BitMaskSstatus
  69:src/../h/Riscv.hpp ****     {
  70:src/../h/Riscv.hpp ****         SSTATUS_SIE = (1 << 1),
  71:src/../h/Riscv.hpp ****         SSTATUS_SPIE = (1 << 5),
  72:src/../h/Riscv.hpp ****         SSTATUS_SPP = (1 << 8),
  73:src/../h/Riscv.hpp ****     };
  74:src/../h/Riscv.hpp **** 
GAS LISTING /tmp/ccUSPMlB.s 			page 3


  75:src/../h/Riscv.hpp ****     // mask set register sstatus
  76:src/../h/Riscv.hpp ****     static void ms_sstatus(uint64 mask);
  77:src/../h/Riscv.hpp **** 
  78:src/../h/Riscv.hpp ****     // mask clear register sstatus
  79:src/../h/Riscv.hpp ****     static void mc_sstatus(uint64 mask);
  80:src/../h/Riscv.hpp **** 
  81:src/../h/Riscv.hpp ****     // read register sstatus
  82:src/../h/Riscv.hpp ****     static uint64 r_sstatus();
  83:src/../h/Riscv.hpp **** 
  84:src/../h/Riscv.hpp ****     // write register sstatus
  85:src/../h/Riscv.hpp ****     static void w_sstatus(uint64 sstatus);
  86:src/../h/Riscv.hpp **** 
  87:src/../h/Riscv.hpp ****     // supervisor trap
  88:src/../h/Riscv.hpp ****     //static void supervisorTrap();
  89:src/../h/Riscv.hpp **** 
  90:src/../h/Riscv.hpp **** private:
  91:src/../h/Riscv.hpp **** 
  92:src/../h/Riscv.hpp ****     // supervisor trap handler
  93:src/../h/Riscv.hpp ****     //static void handleSupervisorTrap();
  94:src/../h/Riscv.hpp **** 
  95:src/../h/Riscv.hpp **** };
  96:src/../h/Riscv.hpp **** 
  97:src/../h/Riscv.hpp **** inline uint64 Riscv::r_scause()
  98:src/../h/Riscv.hpp **** {
  99:src/../h/Riscv.hpp ****     uint64 volatile scause;
 100:src/../h/Riscv.hpp ****     __asm__ volatile ("csrr %[scause], scause" : [scause] "=r"(scause));
 101:src/../h/Riscv.hpp ****     return scause;
 102:src/../h/Riscv.hpp **** }
 103:src/../h/Riscv.hpp **** 
 104:src/../h/Riscv.hpp **** inline void Riscv::w_scause(uint64 scause)
 105:src/../h/Riscv.hpp **** {
 106:src/../h/Riscv.hpp ****     __asm__ volatile ("csrw scause, %[scause]" : : [scause] "r"(scause));
 107:src/../h/Riscv.hpp **** }
 108:src/../h/Riscv.hpp **** 
 109:src/../h/Riscv.hpp **** inline uint64 Riscv::r_sepc()
 110:src/../h/Riscv.hpp **** {
 111:src/../h/Riscv.hpp ****     uint64 volatile sepc;
 112:src/../h/Riscv.hpp ****     __asm__ volatile ("csrr %[sepc], sepc" : [sepc] "=r"(sepc));
 113:src/../h/Riscv.hpp ****     return sepc;
 114:src/../h/Riscv.hpp **** }
 115:src/../h/Riscv.hpp **** 
 116:src/../h/Riscv.hpp **** inline void Riscv::w_sepc(uint64 sepc)
 117:src/../h/Riscv.hpp **** {
 118:src/../h/Riscv.hpp ****     __asm__ volatile ("csrw sepc, %[sepc]" : : [sepc] "r"(sepc));
 119:src/../h/Riscv.hpp **** }
 120:src/../h/Riscv.hpp **** 
 121:src/../h/Riscv.hpp **** inline uint64 Riscv::r_stvec()
 122:src/../h/Riscv.hpp **** {
 123:src/../h/Riscv.hpp ****     uint64 volatile stvec;
 124:src/../h/Riscv.hpp ****     __asm__ volatile ("csrr %[stvec], stvec" : [stvec] "=r"(stvec));
 125:src/../h/Riscv.hpp ****     return stvec;
 126:src/../h/Riscv.hpp **** }
 127:src/../h/Riscv.hpp **** 
 128:src/../h/Riscv.hpp **** inline void Riscv::w_stvec(uint64 stvec)
 129:src/../h/Riscv.hpp **** {
 130:src/../h/Riscv.hpp ****     __asm__ volatile ("csrw stvec, %[stvec]" : : [stvec] "r"(stvec));
 131:src/../h/Riscv.hpp **** }
GAS LISTING /tmp/ccUSPMlB.s 			page 4


 132:src/../h/Riscv.hpp **** 
 133:src/../h/Riscv.hpp **** inline uint64 Riscv::r_stval()
 134:src/../h/Riscv.hpp **** {
 135:src/../h/Riscv.hpp ****     uint64 volatile stval;
 136:src/../h/Riscv.hpp ****     __asm__ volatile ("csrr %[stval], stval" : [stval] "=r"(stval));
 137:src/../h/Riscv.hpp ****     return stval;
 138:src/../h/Riscv.hpp **** }
 139:src/../h/Riscv.hpp **** 
 140:src/../h/Riscv.hpp **** inline void Riscv::w_stval(uint64 stval)
 141:src/../h/Riscv.hpp **** {
 142:src/../h/Riscv.hpp ****     __asm__ volatile ("csrw stval, %[stval]" : : [stval] "r"(stval));
 143:src/../h/Riscv.hpp **** }
 144:src/../h/Riscv.hpp **** 
 145:src/../h/Riscv.hpp **** inline void Riscv::ms_sip(uint64 mask)
 146:src/../h/Riscv.hpp **** {
 147:src/../h/Riscv.hpp ****     __asm__ volatile ("csrs sip, %[mask]" : : [mask] "r"(mask));
 148:src/../h/Riscv.hpp **** }
 149:src/../h/Riscv.hpp **** 
 150:src/../h/Riscv.hpp **** inline void Riscv::mc_sip(uint64 mask)
 151:src/../h/Riscv.hpp **** {
 152:src/../h/Riscv.hpp ****     __asm__ volatile ("csrc sip, %[mask]" : : [mask] "r"(mask));
 153:src/../h/Riscv.hpp **** }
 154:src/../h/Riscv.hpp **** 
 155:src/../h/Riscv.hpp **** inline uint64 Riscv::r_sip()
 156:src/../h/Riscv.hpp **** {
 157:src/../h/Riscv.hpp ****     uint64 volatile sip;
 158:src/../h/Riscv.hpp ****     __asm__ volatile ("csrr %[sip], sip" : [sip] "=r"(sip));
 159:src/../h/Riscv.hpp ****     return sip;
 160:src/../h/Riscv.hpp **** }
 161:src/../h/Riscv.hpp **** 
 162:src/../h/Riscv.hpp **** inline void Riscv::w_sip(uint64 sip)
 163:src/../h/Riscv.hpp **** {
 164:src/../h/Riscv.hpp ****     __asm__ volatile ("csrw sip, %[sip]" : : [sip] "r"(sip));
 165:src/../h/Riscv.hpp **** }
 166:src/../h/Riscv.hpp **** 
 167:src/../h/Riscv.hpp **** inline void Riscv::ms_sstatus(uint64 mask)
 168:src/../h/Riscv.hpp **** {
 169:src/../h/Riscv.hpp ****     __asm__ volatile ("csrs sstatus, %[mask]" : : [mask] "r"(mask));
 170:src/../h/Riscv.hpp **** }
 171:src/../h/Riscv.hpp **** 
 172:src/../h/Riscv.hpp **** inline void Riscv::mc_sstatus(uint64 mask)
 173:src/../h/Riscv.hpp **** {
 174:src/../h/Riscv.hpp ****     __asm__ volatile ("csrc sstatus, %[mask]" : : [mask] "r"(mask));
 175:src/../h/Riscv.hpp **** }
 176:src/../h/Riscv.hpp **** 
 177:src/../h/Riscv.hpp **** inline uint64 Riscv::r_sstatus()
 178:src/../h/Riscv.hpp **** {
 179:src/../h/Riscv.hpp ****     uint64 volatile sstatus;
  32              		.loc 2 179 5
 180:src/../h/Riscv.hpp ****     __asm__ volatile ("csrr %[sstatus], sstatus" : [sstatus] "=r"(sstatus));
  33              		.loc 2 180 5
  34              		.loc 2 180 76 is_stmt 0
  35              	#APP
  36              	# 180 "src/../h/Riscv.hpp" 1
 181              	    return sstatus;
  37              		csrr a5, sstatus
  38              	# 0 "" 2
GAS LISTING /tmp/ccUSPMlB.s 			page 5


  39              	#NO_APP
  40 0020 233CF4FC 		sd	a5,-40(s0)
  41              		.loc 2 181 5 is_stmt 1
  42              		.loc 2 181 12 is_stmt 0
  43 0024 033984FD 		ld	s2,-40(s0)
  44              	.LVL1:
  45              	.LBE15:
  46              	.LBE14:
  11:src/print.cpp ****     Riscv::mc_sstatus(Riscv::SSTATUS_SIE);
  47              		.loc 1 11 5 is_stmt 1
  48              	.LBB16:
  49              	.LBB17:
 174:src/../h/Riscv.hpp **** }
  50              		.loc 2 174 5
 174:src/../h/Riscv.hpp **** }
  51              		.loc 2 174 68 is_stmt 0
  52 0028 93072000 		li	a5,2
  53              	#APP
  54              	# 174 "src/../h/Riscv.hpp" 1
  55              		csrc sstatus, a5
  56              	# 0 "" 2
  57              	.LVL2:
  58              	#NO_APP
  59              	.L3:
  60              	.LBE17:
  61              	.LBE16:
  12:src/print.cpp ****     while (*string != '\0')
  62              		.loc 1 12 5 is_stmt 1
  63              		.loc 1 12 20
  64              		.loc 1 12 12 is_stmt 0
  65 0030 03C50400 		lbu	a0,0(s1)
  66              		.loc 1 12 20
  67 0034 630A0500 		beqz	a0,.L2
  13:src/print.cpp ****     {
  14:src/print.cpp ****         __putc(*string);
  68              		.loc 1 14 9 is_stmt 1
  69              		.loc 1 14 15 is_stmt 0
  70 0038 97000000 		call	__putc@plt
  70      E7800000 
  71              	.LVL3:
  15:src/print.cpp ****         string++;
  72              		.loc 1 15 9 is_stmt 1
  73              		.loc 1 15 15 is_stmt 0
  74 0040 93841400 		addi	s1,s1,1
  75              	.LVL4:
  12:src/print.cpp ****     while (*string != '\0')
  76              		.loc 1 12 5
  77 0044 6FF0DFFE 		j	.L3
  78              	.L2:
  16:src/print.cpp ****     }
  17:src/print.cpp ****     Riscv::ms_sstatus(sstatus & Riscv::SSTATUS_SIE ? Riscv::SSTATUS_SIE : 0);
  79              		.loc 1 17 5 is_stmt 1
  80              		.loc 1 17 52 is_stmt 0
  81 0048 1B090900 		sext.w	s2,s2
  82              	.LVL5:
  83              		.loc 1 17 22
  84 004c 13792900 		andi	s2,s2,2
GAS LISTING /tmp/ccUSPMlB.s 			page 6


  85 0050 1B090900 		sext.w	s2,s2
  86              	.LVL6:
  87              	.LBB18:
  88              	.LBB19:
 169:src/../h/Riscv.hpp **** }
  89              		.loc 2 169 5 is_stmt 1
 169:src/../h/Riscv.hpp **** }
  90              		.loc 2 169 68 is_stmt 0
  91              	#APP
  92              	# 169 "src/../h/Riscv.hpp" 1
  93              		csrs sstatus, s2
  94              	# 0 "" 2
  95              	.LVL7:
  96              	#NO_APP
  97              	.LBE19:
  98              	.LBE18:
  18:src/print.cpp **** }
  99              		.loc 1 18 1
 100 0058 83308102 		ld	ra,40(sp)
 101              		.cfi_restore 1
 102 005c 03340102 		ld	s0,32(sp)
 103              		.cfi_restore 8
 104              		.cfi_def_cfa 2, 48
 105 0060 83348101 		ld	s1,24(sp)
 106              		.cfi_restore 9
 107              	.LVL8:
 108 0064 03390101 		ld	s2,16(sp)
 109              		.cfi_restore 18
 110 0068 13010103 		addi	sp,sp,48
 111              		.cfi_def_cfa_offset 0
 112 006c 67800000 		jr	ra
 113              		.cfi_endproc
 114              	.LFE16:
 116              		.align	2
 117              		.globl	_Z12printIntegerm
 119              	_Z12printIntegerm:
 120              	.LFB17:
  19:src/print.cpp **** 
  20:src/print.cpp **** void printInteger(uint64 integer)
  21:src/print.cpp **** {
 121              		.loc 1 21 1 is_stmt 1
 122              		.cfi_startproc
 123              	.LVL9:
 124 0070 130101FC 		addi	sp,sp,-64
 125              		.cfi_def_cfa_offset 64
 126 0074 233C1102 		sd	ra,56(sp)
 127 0078 23388102 		sd	s0,48(sp)
 128 007c 23349102 		sd	s1,40(sp)
 129 0080 23302103 		sd	s2,32(sp)
 130              		.cfi_offset 1, -8
 131              		.cfi_offset 8, -16
 132              		.cfi_offset 9, -24
 133              		.cfi_offset 18, -32
 134 0084 13040104 		addi	s0,sp,64
 135              		.cfi_def_cfa 8, 0
  22:src/print.cpp ****     uint64 sstatus = Riscv::r_sstatus();
 136              		.loc 1 22 5
GAS LISTING /tmp/ccUSPMlB.s 			page 7


 137              	.LBB20:
 138              	.LBB21:
 179:src/../h/Riscv.hpp ****     __asm__ volatile ("csrr %[sstatus], sstatus" : [sstatus] "=r"(sstatus));
 139              		.loc 2 179 5
 180:src/../h/Riscv.hpp ****     return sstatus;
 140              		.loc 2 180 5
 180:src/../h/Riscv.hpp ****     return sstatus;
 141              		.loc 2 180 76 is_stmt 0
 142              	#APP
 143              	# 180 "src/../h/Riscv.hpp" 1
 144              		csrr a5, sstatus
 145              	# 0 "" 2
 146              	#NO_APP
 147 008c 2334F4FC 		sd	a5,-56(s0)
 148              		.loc 2 181 5 is_stmt 1
 149              		.loc 2 181 12 is_stmt 0
 150 0090 033984FC 		ld	s2,-56(s0)
 151              	.LVL10:
 152              	.LBE21:
 153              	.LBE20:
  23:src/print.cpp ****     Riscv::mc_sstatus(Riscv::SSTATUS_SIE);
 154              		.loc 1 23 5 is_stmt 1
 155              	.LBB22:
 156              	.LBB23:
 174:src/../h/Riscv.hpp **** }
 157              		.loc 2 174 5
 174:src/../h/Riscv.hpp **** }
 158              		.loc 2 174 68 is_stmt 0
 159 0094 93072000 		li	a5,2
 160              	#APP
 161              	# 174 "src/../h/Riscv.hpp" 1
 162              		csrc sstatus, a5
 163              	# 0 "" 2
 164              	.LVL11:
 165              	#NO_APP
 166              	.LBE23:
 167              	.LBE22:
  24:src/print.cpp ****     static char digits[] = "0123456789";
 168              		.loc 1 24 5 is_stmt 1
  25:src/print.cpp ****     char buf[16];
 169              		.loc 1 25 5
  26:src/print.cpp ****     int i, neg;
 170              		.loc 1 26 5
  27:src/print.cpp ****     uint x;
 171              		.loc 1 27 5
  28:src/print.cpp **** 
  29:src/print.cpp ****     neg = 0;
 172              		.loc 1 29 5
  30:src/print.cpp ****     if (integer < 0)
 173              		.loc 1 30 5
  31:src/print.cpp ****     {
  32:src/print.cpp ****         neg = 1;
  33:src/print.cpp ****         x = -integer;
  34:src/print.cpp ****     } else
  35:src/print.cpp ****     {
  36:src/print.cpp ****         x = integer;
 174              		.loc 1 36 9
GAS LISTING /tmp/ccUSPMlB.s 			page 8


 175              		.loc 1 36 11 is_stmt 0
 176 009c 1B050500 		sext.w	a0,a0
 177              	.LVL12:
  37:src/print.cpp ****     }
  38:src/print.cpp **** 
  39:src/print.cpp ****     i = 0;
 178              		.loc 1 39 5 is_stmt 1
 179              		.loc 1 39 7 is_stmt 0
 180 00a0 93040000 		li	s1,0
 181              	.LVL13:
 182              	.L6:
  40:src/print.cpp ****     do
 183              		.loc 1 40 5 is_stmt 1
  41:src/print.cpp ****     {
  42:src/print.cpp ****         buf[i++] = digits[x % 10];
 184              		.loc 1 42 9
 185              		.loc 1 42 29 is_stmt 0
 186 00a4 1306A000 		li	a2,10
 187 00a8 3B77C502 		remuw	a4,a0,a2
 188              	.LVL14:
 189              		.loc 1 42 33
 190 00ac 93160702 		slli	a3,a4,32
 191 00b0 93D60602 		srli	a3,a3,32
 192 00b4 17070000 		lla	a4,.LANCHOR0
 192      13070700 
 193 00bc 3307D700 		add	a4,a4,a3
 194 00c0 03470700 		lbu	a4,0(a4)
 195              		.loc 1 42 18
 196 00c4 930604FE 		addi	a3,s0,-32
 197 00c8 B3879600 		add	a5,a3,s1
 198 00cc 9B841400 		addiw	s1,s1,1
 199              	.LVL15:
 200 00d0 2388E7FE 		sb	a4,-16(a5)
  43:src/print.cpp ****     } while ((x /= 10) != 0);
 201              		.loc 1 43 24 is_stmt 1
 202 00d4 1B070500 		sext.w	a4,a0
 203              		.loc 1 43 17 is_stmt 0
 204 00d8 3B55C502 		divuw	a0,a0,a2
 205              	.LVL16:
 206              		.loc 1 43 24
 207 00dc 93079000 		li	a5,9
 208 00e0 E3E2E7FC 		bgtu	a4,a5,.L6
 209              	.LVL17:
 210              	.L8:
  44:src/print.cpp ****     if (neg)
  45:src/print.cpp ****         buf[i++] = '-';
  46:src/print.cpp **** 
  47:src/print.cpp ****     while (--i >= 0) { __putc(buf[i]); }
 211              		.loc 1 47 5 is_stmt 1
 212              		.loc 1 47 16
 213 00e4 9B84F4FF 		addiw	s1,s1,-1
 214              	.LVL18:
 215 00e8 63CE0400 		bltz	s1,.L7
 216              		.loc 1 47 24 discriminator 1
 217              		.loc 1 47 30 is_stmt 0 discriminator 1
 218 00ec 930704FE 		addi	a5,s0,-32
 219 00f0 B3879700 		add	a5,a5,s1
GAS LISTING /tmp/ccUSPMlB.s 			page 9


 220 00f4 03C507FF 		lbu	a0,-16(a5)
 221 00f8 97000000 		call	__putc@plt
 221      E7800000 
 222              	.LVL19:
 223 0100 6FF05FFE 		j	.L8
 224              	.L7:
  48:src/print.cpp ****     Riscv::ms_sstatus(sstatus & Riscv::SSTATUS_SIE ? Riscv::SSTATUS_SIE : 0);
 225              		.loc 1 48 5 is_stmt 1
 226              		.loc 1 48 52 is_stmt 0
 227 0104 1B090900 		sext.w	s2,s2
 228              	.LVL20:
 229              		.loc 1 48 22
 230 0108 13792900 		andi	s2,s2,2
 231 010c 1B090900 		sext.w	s2,s2
 232              	.LVL21:
 233              	.LBB24:
 234              	.LBB25:
 169:src/../h/Riscv.hpp **** }
 235              		.loc 2 169 5 is_stmt 1
 169:src/../h/Riscv.hpp **** }
 236              		.loc 2 169 68 is_stmt 0
 237              	#APP
 238              	# 169 "src/../h/Riscv.hpp" 1
 239              		csrs sstatus, s2
 240              	# 0 "" 2
 241              	.LVL22:
 242              	#NO_APP
 243              	.LBE25:
 244              	.LBE24:
  49:src/print.cpp **** }...
 245              		.loc 1 49 1
 246 0114 83308103 		ld	ra,56(sp)
 247              		.cfi_restore 1
 248 0118 03340103 		ld	s0,48(sp)
 249              		.cfi_restore 8
 250              		.cfi_def_cfa 2, 64
 251 011c 83348102 		ld	s1,40(sp)
 252              		.cfi_restore 9
 253 0120 03390102 		ld	s2,32(sp)
 254              		.cfi_restore 18
 255 0124 13010104 		addi	sp,sp,64
 256              		.cfi_def_cfa_offset 0
 257 0128 67800000 		jr	ra
 258              		.cfi_endproc
 259              	.LFE17:
 261              		.section	.rodata
 262              		.align	3
 263              		.set	.LANCHOR0,. + 0
 266              	_ZZ12printIntegermE6digits:
 267 0000 30313233 		.string	"0123456789"
 267      34353637 
 267      383900
 268              		.text
 269              	.Letext0:
 270              		.file 3 "src/../h/../lib/hw.h"
 271              		.file 4 "src/../lib/console.h"
GAS LISTING /tmp/ccUSPMlB.s 			page 10


DEFINED SYMBOLS
                            *ABS*:0000000000000000 print.cpp
     /tmp/ccUSPMlB.s:9      .text:0000000000000000 _Z11printStringPKc
     /tmp/ccUSPMlB.s:13     .text:0000000000000000 .L0 
     /tmp/ccUSPMlB.s:15     .text:0000000000000000 .L0 
     /tmp/ccUSPMlB.s:16     .text:0000000000000004 .L0 
     /tmp/ccUSPMlB.s:21     .text:0000000000000014 .L0 
     /tmp/ccUSPMlB.s:22     .text:0000000000000014 .L0 
     /tmp/ccUSPMlB.s:23     .text:0000000000000014 .L0 
     /tmp/ccUSPMlB.s:24     .text:0000000000000014 .L0 
     /tmp/ccUSPMlB.s:26     .text:0000000000000018 .L0 
     /tmp/ccUSPMlB.s:32     .text:000000000000001c .L0 
     /tmp/ccUSPMlB.s:33     .text:000000000000001c .L0 
     /tmp/ccUSPMlB.s:34     .text:000000000000001c .L0 
  src/../h/Riscv.hpp:180    .text:000000000000001c .L0 
     /tmp/ccUSPMlB.s:42     .text:0000000000000024 .L0 
     /tmp/ccUSPMlB.s:43     .text:0000000000000024 .L0 
     /tmp/ccUSPMlB.s:50     .text:0000000000000028 .L0 
     /tmp/ccUSPMlB.s:51     .text:0000000000000028 .L0 
     /tmp/ccUSPMlB.s:52     .text:0000000000000028 .L0 
     /tmp/ccUSPMlB.s:63     .text:0000000000000030 .L0 
     /tmp/ccUSPMlB.s:64     .text:0000000000000030 .L0 
     /tmp/ccUSPMlB.s:65     .text:0000000000000030 .L0 
     /tmp/ccUSPMlB.s:67     .text:0000000000000034 .L0 
     /tmp/ccUSPMlB.s:69     .text:0000000000000038 .L0 
     /tmp/ccUSPMlB.s:70     .text:0000000000000038 .L0 
     /tmp/ccUSPMlB.s:73     .text:0000000000000040 .L0 
     /tmp/ccUSPMlB.s:74     .text:0000000000000040 .L0 
     /tmp/ccUSPMlB.s:77     .text:0000000000000044 .L0 
     /tmp/ccUSPMlB.s:80     .text:0000000000000048 .L0 
     /tmp/ccUSPMlB.s:81     .text:0000000000000048 .L0 
     /tmp/ccUSPMlB.s:84     .text:000000000000004c .L0 
     /tmp/ccUSPMlB.s:90     .text:0000000000000054 .L0 
  src/../h/Riscv.hpp:169    .text:0000000000000054 .L0 
     /tmp/ccUSPMlB.s:100    .text:0000000000000058 .L0 
     /tmp/ccUSPMlB.s:101    .text:000000000000005c .L0 
     /tmp/ccUSPMlB.s:103    .text:0000000000000060 .L0 
     /tmp/ccUSPMlB.s:104    .text:0000000000000060 .L0 
     /tmp/ccUSPMlB.s:106    .text:0000000000000064 .L0 
     /tmp/ccUSPMlB.s:109    .text:0000000000000068 .L0 
     /tmp/ccUSPMlB.s:111    .text:000000000000006c .L0 
     /tmp/ccUSPMlB.s:113    .text:0000000000000070 .L0 
     /tmp/ccUSPMlB.s:119    .text:0000000000000070 _Z12printIntegerm
     /tmp/ccUSPMlB.s:122    .text:0000000000000070 .L0 
     /tmp/ccUSPMlB.s:124    .text:0000000000000070 .L0 
     /tmp/ccUSPMlB.s:125    .text:0000000000000074 .L0 
     /tmp/ccUSPMlB.s:130    .text:0000000000000084 .L0 
     /tmp/ccUSPMlB.s:131    .text:0000000000000084 .L0 
     /tmp/ccUSPMlB.s:132    .text:0000000000000084 .L0 
     /tmp/ccUSPMlB.s:133    .text:0000000000000084 .L0 
     /tmp/ccUSPMlB.s:135    .text:0000000000000088 .L0 
     /tmp/ccUSPMlB.s:139    .text:0000000000000088 .L0 
     /tmp/ccUSPMlB.s:140    .text:0000000000000088 .L0 
     /tmp/ccUSPMlB.s:141    .text:0000000000000088 .L0 
  src/../h/Riscv.hpp:180    .text:0000000000000088 .L0 
     /tmp/ccUSPMlB.s:149    .text:0000000000000090 .L0 
     /tmp/ccUSPMlB.s:150    .text:0000000000000090 .L0 
GAS LISTING /tmp/ccUSPMlB.s 			page 11


     /tmp/ccUSPMlB.s:157    .text:0000000000000094 .L0 
     /tmp/ccUSPMlB.s:158    .text:0000000000000094 .L0 
     /tmp/ccUSPMlB.s:159    .text:0000000000000094 .L0 
     /tmp/ccUSPMlB.s:169    .text:000000000000009c .L0 
     /tmp/ccUSPMlB.s:170    .text:000000000000009c .L0 
     /tmp/ccUSPMlB.s:171    .text:000000000000009c .L0 
     /tmp/ccUSPMlB.s:172    .text:000000000000009c .L0 
     /tmp/ccUSPMlB.s:173    .text:000000000000009c .L0 
     /tmp/ccUSPMlB.s:174    .text:000000000000009c .L0 
     /tmp/ccUSPMlB.s:175    .text:000000000000009c .L0 
     /tmp/ccUSPMlB.s:176    .text:000000000000009c .L0 
     /tmp/ccUSPMlB.s:179    .text:00000000000000a0 .L0 
     /tmp/ccUSPMlB.s:180    .text:00000000000000a0 .L0 
     /tmp/ccUSPMlB.s:184    .text:00000000000000a4 .L0 
     /tmp/ccUSPMlB.s:185    .text:00000000000000a4 .L0 
     /tmp/ccUSPMlB.s:186    .text:00000000000000a4 .L0 
     /tmp/ccUSPMlB.s:190    .text:00000000000000ac .L0 
     /tmp/ccUSPMlB.s:196    .text:00000000000000c4 .L0 
     /tmp/ccUSPMlB.s:202    .text:00000000000000d4 .L0 
     /tmp/ccUSPMlB.s:204    .text:00000000000000d8 .L0 
     /tmp/ccUSPMlB.s:207    .text:00000000000000dc .L0 
     /tmp/ccUSPMlB.s:212    .text:00000000000000e4 .L0 
     /tmp/ccUSPMlB.s:213    .text:00000000000000e4 .L0 
     /tmp/ccUSPMlB.s:217    .text:00000000000000ec .L0 
     /tmp/ccUSPMlB.s:218    .text:00000000000000ec .L0 
     /tmp/ccUSPMlB.s:226    .text:0000000000000104 .L0 
     /tmp/ccUSPMlB.s:227    .text:0000000000000104 .L0 
     /tmp/ccUSPMlB.s:230    .text:0000000000000108 .L0 
     /tmp/ccUSPMlB.s:236    .text:0000000000000110 .L0 
  src/../h/Riscv.hpp:169    .text:0000000000000110 .L0 
     /tmp/ccUSPMlB.s:246    .text:0000000000000114 .L0 
     /tmp/ccUSPMlB.s:247    .text:0000000000000118 .L0 
     /tmp/ccUSPMlB.s:249    .text:000000000000011c .L0 
     /tmp/ccUSPMlB.s:250    .text:000000000000011c .L0 
     /tmp/ccUSPMlB.s:252    .text:0000000000000120 .L0 
     /tmp/ccUSPMlB.s:254    .text:0000000000000124 .L0 
     /tmp/ccUSPMlB.s:256    .text:0000000000000128 .L0 
     /tmp/ccUSPMlB.s:258    .text:000000000000012c .L0 
     /tmp/ccUSPMlB.s:263    .rodata:0000000000000000 .LANCHOR0
     /tmp/ccUSPMlB.s:266    .rodata:0000000000000000 _ZZ12printIntegermE6digits
     /tmp/ccUSPMlB.s:272    .text:000000000000012c .L0 
     /tmp/ccUSPMlB.s:192    .text:00000000000000b4 .L0 
     /tmp/ccUSPMlB.s:78     .text:0000000000000048 .L2
     /tmp/ccUSPMlB.s:59     .text:0000000000000030 .L3
     /tmp/ccUSPMlB.s:182    .text:00000000000000a4 .L6
     /tmp/ccUSPMlB.s:224    .text:0000000000000104 .L7
     /tmp/ccUSPMlB.s:210    .text:00000000000000e4 .L8
     /tmp/ccUSPMlB.s:884    .debug_abbrev:0000000000000000 .Ldebug_abbrev0
     /tmp/ccUSPMlB.s:1661   .debug_str:000000000000023a .LASF71
     /tmp/ccUSPMlB.s:1623   .debug_str:0000000000000103 .LASF72
     /tmp/ccUSPMlB.s:1701   .debug_str:0000000000000414 .LASF73
     /tmp/ccUSPMlB.s:5      .text:0000000000000000 .Ltext0
     /tmp/ccUSPMlB.s:269    .text:000000000000012c .Letext0
     /tmp/ccUSPMlB.s:1579   .debug_line:0000000000000000 .Ldebug_line0
     /tmp/ccUSPMlB.s:1673   .debug_str:0000000000000333 .LASF0
     /tmp/ccUSPMlB.s:1669   .debug_str:0000000000000316 .LASF3
     /tmp/ccUSPMlB.s:1647   .debug_str:00000000000001c7 .LASF1
GAS LISTING /tmp/ccUSPMlB.s 			page 12


     /tmp/ccUSPMlB.s:1637   .debug_str:000000000000016e .LASF2
     /tmp/ccUSPMlB.s:1603   .debug_str:0000000000000083 .LASF4
     /tmp/ccUSPMlB.s:1643   .debug_str:00000000000001ad .LASF5
     /tmp/ccUSPMlB.s:1589   .debug_str:0000000000000032 .LASF6
     /tmp/ccUSPMlB.s:1583   .debug_str:0000000000000013 .LASF7
     /tmp/ccUSPMlB.s:1629   .debug_str:0000000000000126 .LASF8
     /tmp/ccUSPMlB.s:1687   .debug_str:000000000000038a .LASF9
     /tmp/ccUSPMlB.s:1599   .debug_str:0000000000000070 .LASF10
     /tmp/ccUSPMlB.s:1737   .debug_str:000000000000054b .LASF11
     /tmp/ccUSPMlB.s:1633   .debug_str:000000000000014c .LASF12
     /tmp/ccUSPMlB.s:1727   .debug_str:0000000000000507 .LASF13
     /tmp/ccUSPMlB.s:1699   .debug_str:0000000000000404 .LASF14
     /tmp/ccUSPMlB.s:1649   .debug_str:00000000000001da .LASF15
     /tmp/ccUSPMlB.s:1619   .debug_str:00000000000000e7 .LASF16
     /tmp/ccUSPMlB.s:1691   .debug_str:00000000000003ac .LASF17
     /tmp/ccUSPMlB.s:1621   .debug_str:00000000000000fd .LASF74
     /tmp/ccUSPMlB.s:1729   .debug_str:0000000000000517 .LASF75
     /tmp/ccUSPMlB.s:1685   .debug_str:000000000000037e .LASF18
     /tmp/ccUSPMlB.s:1653   .debug_str:0000000000000200 .LASF19
     /tmp/ccUSPMlB.s:1711   .debug_str:000000000000048c .LASF20
     /tmp/ccUSPMlB.s:1609   .debug_str:00000000000000a6 .LASF21
     /tmp/ccUSPMlB.s:1725   .debug_str:00000000000004e9 .LASF23
     /tmp/ccUSPMlB.s:1611   .debug_str:00000000000000b7 .LASF22
     /tmp/ccUSPMlB.s:1639   .debug_str:000000000000017c .LASF24
     /tmp/ccUSPMlB.s:1657   .debug_str:0000000000000228 .LASF25
     /tmp/ccUSPMlB.s:1715   .debug_str:00000000000004a3 .LASF26
     /tmp/ccUSPMlB.s:1627   .debug_str:0000000000000118 .LASF27
     /tmp/ccUSPMlB.s:1655   .debug_str:000000000000020d .LASF28
     /tmp/ccUSPMlB.s:1705   .debug_str:0000000000000455 .LASF29
     /tmp/ccUSPMlB.s:1651   .debug_str:00000000000001e6 .LASF30
     /tmp/ccUSPMlB.s:1663   .debug_str:00000000000002fe .LASF31
     /tmp/ccUSPMlB.s:1591   .debug_str:0000000000000039 .LASF33
     /tmp/ccUSPMlB.s:1665   .debug_str:0000000000000307 .LASF35
     /tmp/ccUSPMlB.s:1607   .debug_str:0000000000000091 .LASF37
     /tmp/ccUSPMlB.s:1677   .debug_str:0000000000000348 .LASF32
     /tmp/ccUSPMlB.s:1641   .debug_str:000000000000019a .LASF34
     /tmp/ccUSPMlB.s:1617   .debug_str:00000000000000e0 .LASF36
     /tmp/ccUSPMlB.s:1631   .debug_str:0000000000000139 .LASF38
     /tmp/ccUSPMlB.s:1675   .debug_str:0000000000000340 .LASF39
     /tmp/ccUSPMlB.s:1709   .debug_str:0000000000000478 .LASF40
     /tmp/ccUSPMlB.s:1645   .debug_str:00000000000001bf .LASF41
     /tmp/ccUSPMlB.s:1683   .debug_str:000000000000036a .LASF42
     /tmp/ccUSPMlB.s:1717   .debug_str:00000000000004bb .LASF43
     /tmp/ccUSPMlB.s:1595   .debug_str:0000000000000056 .LASF44
     /tmp/ccUSPMlB.s:1593   .debug_str:000000000000004e .LASF45
     /tmp/ccUSPMlB.s:1697   .debug_str:00000000000003f0 .LASF46
     /tmp/ccUSPMlB.s:1733   .debug_str:0000000000000538 .LASF47
     /tmp/ccUSPMlB.s:1581   .debug_str:0000000000000000 .LASF48
     /tmp/ccUSPMlB.s:1605   .debug_str:000000000000008a .LASF49
     /tmp/ccUSPMlB.s:1681   .debug_str:0000000000000357 .LASF50
     /tmp/ccUSPMlB.s:1667   .debug_str:0000000000000310 .LASF51
     /tmp/ccUSPMlB.s:1689   .debug_str:000000000000039a .LASF52
     /tmp/ccUSPMlB.s:1597   .debug_str:000000000000006a .LASF53
     /tmp/ccUSPMlB.s:1723   .debug_str:00000000000004d7 .LASF54
     /tmp/ccUSPMlB.s:1713   .debug_str:0000000000000498 .LASF55
     /tmp/ccUSPMlB.s:1671   .debug_str:000000000000031b .LASF56
     /tmp/ccUSPMlB.s:1613   .debug_str:00000000000000c8 .LASF57
GAS LISTING /tmp/ccUSPMlB.s 			page 13


     /tmp/ccUSPMlB.s:1693   .debug_str:00000000000003c2 .LASF58
     /tmp/ccUSPMlB.s:1719   .debug_str:00000000000004c3 .LASF59
     /tmp/ccUSPMlB.s:1695   .debug_str:00000000000003da .LASF60
     /tmp/ccUSPMlB.s:1721   .debug_str:00000000000004cd .LASF76
     /tmp/ccUSPMlB.s:1707   .debug_str:0000000000000462 .LASF77
     /tmp/ccUSPMlB.s:1615   .debug_str:00000000000000d3 .LASF64
     /tmp/ccUSPMlB.s:1731   .debug_str:0000000000000526 .LASF66
     /tmp/ccUSPMlB.s:120    .text:0000000000000070 .LFB17
     /tmp/ccUSPMlB.s:259    .text:000000000000012c .LFE17
     /tmp/ccUSPMlB.s:1703   .debug_str:000000000000044d .LASF68
     /tmp/ccUSPMlB.s:1453   .debug_loc:0000000000000000 .LLST4
     /tmp/ccUSPMlB.s:1679   .debug_str:000000000000034f .LASF61
     /tmp/ccUSPMlB.s:1467   .debug_loc:0000000000000039 .LLST5
     /tmp/ccUSPMlB.s:1587   .debug_str:000000000000002b .LASF62
     /tmp/ccUSPMlB.s:1474   .debug_loc:000000000000005c .LLST6
     /tmp/ccUSPMlB.s:1496   .debug_loc:00000000000000bb .LLST7
     /tmp/ccUSPMlB.s:137    .text:0000000000000088 .LBB20
     /tmp/ccUSPMlB.s:153    .text:0000000000000094 .LBE20
     /tmp/ccUSPMlB.s:155    .text:0000000000000094 .LBB22
     /tmp/ccUSPMlB.s:167    .text:000000000000009c .LBE22
     /tmp/ccUSPMlB.s:1518   .debug_loc:00000000000000fc .LLST8
     /tmp/ccUSPMlB.s:233    .text:0000000000000110 .LBB24
     /tmp/ccUSPMlB.s:244    .text:0000000000000114 .LBE24
     /tmp/ccUSPMlB.s:1526   .debug_loc:0000000000000120 .LLST9
     /tmp/ccUSPMlB.s:222    .text:0000000000000100 .LVL19
     /tmp/ccUSPMlB.s:1585   .debug_str:0000000000000026 .LASF63
     /tmp/ccUSPMlB.s:1735   .debug_str:000000000000053f .LASF65
     /tmp/ccUSPMlB.s:1635   .debug_str:000000000000015b .LASF67
     /tmp/ccUSPMlB.s:10     .text:0000000000000000 .LFB16
     /tmp/ccUSPMlB.s:114    .text:0000000000000070 .LFE16
     /tmp/ccUSPMlB.s:1625   .debug_str:0000000000000111 .LASF69
     /tmp/ccUSPMlB.s:1533   .debug_loc:0000000000000143 .LLST0
     /tmp/ccUSPMlB.s:1544   .debug_loc:0000000000000179 .LLST1
     /tmp/ccUSPMlB.s:29     .text:000000000000001c .LBB14
     /tmp/ccUSPMlB.s:46     .text:0000000000000028 .LBE14
     /tmp/ccUSPMlB.s:48     .text:0000000000000028 .LBB16
     /tmp/ccUSPMlB.s:61     .text:0000000000000030 .LBE16
     /tmp/ccUSPMlB.s:1551   .debug_loc:000000000000019c .LLST2
     /tmp/ccUSPMlB.s:87     .text:0000000000000054 .LBB18
     /tmp/ccUSPMlB.s:98     .text:0000000000000058 .LBE18
     /tmp/ccUSPMlB.s:1559   .debug_loc:00000000000001c0 .LLST3
     /tmp/ccUSPMlB.s:71     .text:0000000000000040 .LVL3
     /tmp/ccUSPMlB.s:1601   .debug_str:000000000000007e .LASF70
     /tmp/ccUSPMlB.s:1659   .debug_str:0000000000000233 .LASF78
     /tmp/ccUSPMlB.s:123    .text:0000000000000070 .LVL9
     /tmp/ccUSPMlB.s:177    .text:00000000000000a0 .LVL12
     /tmp/ccUSPMlB.s:151    .text:0000000000000094 .LVL10
     /tmp/ccUSPMlB.s:228    .text:0000000000000108 .LVL20
     /tmp/ccUSPMlB.s:181    .text:00000000000000a4 .LVL13
     /tmp/ccUSPMlB.s:188    .text:00000000000000ac .LVL14
     /tmp/ccUSPMlB.s:199    .text:00000000000000d0 .LVL15
     /tmp/ccUSPMlB.s:209    .text:00000000000000e4 .LVL17
     /tmp/ccUSPMlB.s:214    .text:00000000000000e8 .LVL18
     /tmp/ccUSPMlB.s:205    .text:00000000000000dc .LVL16
     /tmp/ccUSPMlB.s:164    .text:000000000000009c .LVL11
     /tmp/ccUSPMlB.s:232    .text:0000000000000110 .LVL21
     /tmp/ccUSPMlB.s:241    .text:0000000000000114 .LVL22
GAS LISTING /tmp/ccUSPMlB.s 			page 14


     /tmp/ccUSPMlB.s:14     .text:0000000000000000 .LVL0
     /tmp/ccUSPMlB.s:57     .text:0000000000000030 .LVL2
     /tmp/ccUSPMlB.s:107    .text:0000000000000064 .LVL8
     /tmp/ccUSPMlB.s:44     .text:0000000000000028 .LVL1
     /tmp/ccUSPMlB.s:82     .text:000000000000004c .LVL5
     /tmp/ccUSPMlB.s:86     .text:0000000000000054 .LVL6
     /tmp/ccUSPMlB.s:95     .text:0000000000000058 .LVL7
     /tmp/ccUSPMlB.s:273    .debug_info:0000000000000000 .Ldebug_info0

UNDEFINED SYMBOLS
__putc
